<?xml version="1.0" encoding="UTF-8"?>
<testsuite name="com.afs.tdd.DemoTest" tests="1" skipped="0" failures="0" errors="0" timestamp="2022-09-01T09:22:00" hostname="MNLITA10-W10" time="0.272">
  <properties/>
  <testcase name="Should_return_00E_when_command_is_R_given_00N()" classname="com.afs.tdd.DemoTest" time="0.272"/>
  <system-out><![CDATA[]]></system-out>
  <system-err><![CDATA[]]></system-err>
</testsuite>
