<?xml version="1.0" encoding="UTF-8"?>
<testsuite name="com.afs.tdd.DemoTest" tests="4" skipped="0" failures="0" errors="0" timestamp="2022-09-01T09:17:08" hostname="MNLITA10-W10" time="0.127">
  <properties/>
  <testcase name="Should_return_01N_when_command_is_M_given_00N()" classname="com.afs.tdd.DemoTest" time="0.11"/>
  <testcase name="Should_return_neg10W_when_command_is_M_given_00W()" classname="com.afs.tdd.DemoTest" time="0.004"/>
  <testcase name="Should_return_0neg1S_when_command_is_M_given_00S()" classname="com.afs.tdd.DemoTest" time="0.002"/>
  <testcase name="Should_return_10E_when_command_is_M_given_00E()" classname="com.afs.tdd.DemoTest" time="0.004"/>
  <system-out><![CDATA[]]></system-out>
  <system-err><![CDATA[]]></system-err>
</testsuite>
